"../../Plugins/FX/Niagara/Content/DefaultAssets/DefaultRIbbonMaterial.uasset" 0
"../../Plugins/FX/Niagara/Content/DynamicInputs/Helpers/SimulationPosition.uasset" 1
"../../Plugins/FX/Niagara/Content/DynamicInputs/Multiply/Multiply_VectorByFloat.uasset" 2
"../../Plugins/FX/Niagara/Content/DynamicInputs/ValueFromCurve/FloatFromCurve.uasset" 3
"../../Plugins/FX/Niagara/Content/Functions/Localspace/SimulationPosition.uasset" 4
"../../Plugins/FX/Niagara/Content/Functions/DirectionAndLengthSafe.uasset" 5
"../../Plugins/FX/Niagara/Content/Enums/ENiagaraCoordinateSpace.uasset" 6
"../../Plugins/FX/Niagara/Content/Functions/Localspace/TransformBase.uasset" 7
"../../Plugins/FX/Niagara/Content/Functions/Localspace/TransformPosition.uasset" 8
"../../Plugins/FX/Niagara/Content/Functions/Localspace/TransformVector.uasset" 9
"../../Plugins/FX/Niagara/Content/Modules/Beams/BeamEmitterSetup.uasset" 10
"../../Plugins/FX/Niagara/Content/Modules/Beams/BeamWidth.uasset" 11
"../../Plugins/FX/Niagara/Content/Functions/NormalizedExecutionIndex.uasset" 12
"../../Plugins/FX/Niagara/Content/Functions/Spline/FindPositionOnBezierSpline.uasset" 13
"../../Plugins/FX/Niagara/Content/Modules/Beams/SpawnBeam.uasset" 14
"../../Plugins/FX/Niagara/Content/Functions/Emitter/EmitterChangeState.uasset" 15
"../../Plugins/FX/Niagara/Content/Enums/ENiagara_EmitterStateOptions.uasset" 16
"../../Plugins/FX/Niagara/Content/Enums/ENiagara_InfiniteLoopDuration.uasset" 17
"../../Plugins/FX/Niagara/Content/Enums/ENiagaraEmitterLifeCycleMode.uasset" 18
"../../Plugins/FX/Niagara/Content/Enums/ENiagaraEmitterScalabilityMode_Limited.uasset" 19
"../../Plugins/FX/Niagara/Content/Enums/ENiagaraExecutionStateManagement.uasset" 20
"../../Plugins/FX/Niagara/Content/Enums/ENiagaraInactiveMode.uasset" 21
"../../Plugins/FX/Niagara/Content/Modules/Emitter/EmitterState.uasset" 22
"../../Plugins/FX/Niagara/Content/Enums/ENiagaraRandomnessMode.uasset" 23
"../../Plugins/FX/Niagara/Content/Functions/GetRandomInfo.uasset" 24
"../../Plugins/FX/Niagara/Content/Functions/RandomRangeFloat.uasset" 25
"../../Plugins/FX/Niagara/Content/Modules/Emitter/SpawnBurst_Instantaneous.uasset" 26
"../../Plugins/FX/Niagara/Content/Modules/Solvers/SolveForcesAndVelocity.uasset" 27
"../../Plugins/FX/Niagara/Content/Modules/Spawn/Initialization/InitializeParticle.uasset" 28
"../../Plugins/FX/Niagara/Content/Modules/Update/Color/Color.uasset" 29
"../../Plugins/FX/Niagara/Content/Modules/Update/Lifetime/ParticleState.uasset" 30
"../../../../../homework2/Netshoot/Netshoot/Content/NewNiagaraEmitter.uasset" 31
"../../../../../homework2/Netshoot/Netshoot/Content/Gunslinger/GunslingerTTP_Skeleton.uasset" 32
"../../../../../homework2/Netshoot/Netshoot/Content/Animations/Gunslinger_Aiming.uasset" 33
"../../../../../homework2/Netshoot/Netshoot/Content/Animations/Gunslinger_ResetAim.uasset" 34
"../../../../../homework2/Netshoot/Netshoot/Content/Blueprints/Widgets/gameover.uasset" 35
"../../../../../homework2/Netshoot/Netshoot/Content/Blueprints/Widgets/ScoreboardRow_2.uasset" 36
"../../../Engine/Content/Functions/Engine_MaterialFunctions01/Gradient/RadialGradient.uasset" 37
"../../../../../homework2/Netshoot/Netshoot/Content/Materials/M_Bullet.uasset" 38
"../../../../../homework2/Netshoot/Netshoot/Content/Materials/M_Bullet_Inst.uasset" 39
"../../../../../homework2/Netshoot/Netshoot/Content/Meshes/Sphere_2.uasset" 40
"../../../../../homework2/Netshoot/Netshoot/Content/Sounds/Blip_01.uasset" 41
"../../../../../homework2/Netshoot/Netshoot/Content/Sounds/Blip_02.uasset" 42
"../../../../../homework2/Netshoot/Netshoot/Content/Sounds/Coin_02.uasset" 43
"../../../../../homework2/Netshoot/Netshoot/Content/Sounds/Laser_01.uasset" 44
"../../../../../homework2/Netshoot/Netshoot/Content/Sounds/Laser_02.uasset" 45
"../../../../../homework2/Netshoot/Netshoot/Content/Sounds/Powerup_01.uasset" 46
"../../../../../homework2/Netshoot/Netshoot/Content/Sounds/Powerup_02.uasset" 47
"../../../../../homework2/Netshoot/Netshoot/Content/Sounds/Randomize_02.uasset" 48
"../../../../../homework2/Netshoot/Netshoot/Content/Sounds/Randomize_04.uasset" 49
"../../../../../homework2/Netshoot/Netshoot/Content/Sounds/Randomize_05.uasset" 50
"../../../../../homework2/Netshoot/Netshoot/Content/Sounds/Randomize_06.uasset" 51
"../../../../../homework2/Netshoot/Netshoot/Content/Sounds/Randomize_07.uasset" 52
"../../../../../homework2/Netshoot/Netshoot/Content/Sounds/Randomize_09.uasset" 53
"../../../Engine/Content/Functions/Engine_MaterialFunctions01/Shading/ConvertFromDiffSpec.uasset" 54
"../../../Engine/Content/Functions/Engine_MaterialFunctions01/Shading/PowerToRoughness.uasset" 55
"../../../Engine/Content/VREditor/LaserPointer/VR_LaserPower_01.uasset" 56
"../../../Engine/Content/VREditor/TransformGizmo/TransformGizmoMaterial.uasset" 57
"../../../Engine/Content/VREditor/TransformGizmo/TranslucentTransformGizmoMaterial.uasset" 58
"../../../Engine/Content/VREditor/TransformGizmo/PlaneTranslationHandle.uasset" 59
"../../../Engine/Content/VREditor/TransformGizmo/Main.uasset" 60
"../../../Engine/Content/VREditor/TransformGizmo/Xray.uasset" 61
"../../../Engine/Content/VREditor/TransformGizmo/SM_Sequencer_Node.uasset" 62
"../../../Engine/Content/VREditor/TransformGizmo/SM_Sequencer_Key.uasset" 63
"../../../Engine/Content/VREditor/TransformGizmo/BoundingBoxCorner.uasset" 64
"../../../Engine/Content/VREditor/TransformGizmo/BoundingBoxEdge.uasset" 65
"../../../Engine/Content/Tutorial/ContentIntroCurve.uasset" 66
"../../../Engine/Content/Tutorial/Basics/LevelEditorAttract.uasset" 67
"../../../Engine/Content/Tutorial/Basics/TutorialAssets/icon_tab_Levels_40x.uasset" 68
"../../../Engine/Content/Tutorial/Basics/LevelEditorOverview.uasset" 69
"../../../Engine/Content/EngineMaterials/DefaultPhysicalMaterial.uasset" 70
"../../../Engine/Content/EngineMaterials/MiniFont.uasset" 71
"../../../Engine/Content/EngineMaterials/GizmoMaterial.uasset" 72
"../../../Engine/Content/EngineMaterials/BlueNoise.uasset" 73
"../../../Engine/Content/EngineMaterials/DefaultDiffuse.uasset" 74
"../../../Engine/Content/EngineMaterials/DefaultDeferredDecalMaterial.uasset" 75
"../../../Engine/Content/EngineMaterials/DefaultBloomKernel.uasset" 76
"../../../Engine/Content/EngineMaterials/DefaultBokeh.uasset" 77
"../../../Engine/Content/EngineMaterials/DefaultLightFunctionMaterial.uasset" 78
"../../../Engine/Content/Functions/Engine_MaterialFunctions02/Utility/BreakOutFloat2Components.uasset" 79
"../../../Engine/Content/EngineMaterials/DefaultPostProcessMaterial.uasset" 80
"../../../Engine/Content/EngineFonts/RobotoDistanceField.uasset" 81
"../../../Engine/Content/EngineMaterials/DefaultTextMaterialOpaque.uasset" 82
"../../../Engine/Content/EngineMaterials/DefaultWhiteGrid.uasset" 83
"../../../Engine/Content/EngineMaterials/Good64x64TilingNoiseHighFreq.uasset" 84
"../../../Engine/Content/EngineMaterials/BaseFlattenDiffuseMap.uasset" 85
"../../../Engine/Content/EngineMaterials/BaseFlattenEmissiveMap.uasset" 86
"../../../Engine/Content/EngineMaterials/BaseFlattenGrayscaleMap.uasset" 87
"../../../Engine/Content/EngineMaterials/BaseFlattenNormalMap.uasset" 88
"../../../Engine/Content/EngineMaterials/BaseFlattenMaterial.uasset" 89
"../../../Engine/Content/Functions/Engine_MaterialFunctions02/WorldPositionOffset/CameraOffset.uasset" 90
"../../../Engine/Content/EngineMaterials/PhAT_JointLimitMaterial.uasset" 91
"../../../Engine/Content/EngineResources/WhiteSquareTexture.uasset" 92
"../../../Engine/Content/EngineMaterials/Widget3DPassThrough.uasset" 93
"../../../Engine/Content/EngineMaterials/Widget3DPassThrough_Masked.uasset" 94
"../../../Engine/Content/EngineMaterials/Widget3DPassThrough_Opaque.uasset" 95
"../../../Engine/Content/EngineMaterials/Widget3DPassThrough_Masked_OneSided.uasset" 96
"../../../Engine/Content/EngineMaterials/Widget3DPassThrough_Opaque_OneSided.uasset" 97
"../../../Engine/Content/EngineMaterials/Widget3DPassThrough_Translucent.uasset" 98
"../../../Engine/Content/EngineMaterials/Widget3DPassThrough_Translucent_OneSided.uasset" 99
"../../../Engine/Content/EngineMaterials/DefaultWhiteGrid_Low.uasset" 100
"../../../Engine/Content/EngineMaterials/EmissiveMeshMaterial.uasset" 101
"../../../Engine/Content/EngineMaterials/InvalidLightmapSettings.uasset" 102
"../../../Engine/Content/EngineMaterials/M_InvalidLightmapSettings.uasset" 103
"../../../Engine/Content/EngineMaterials/PreintegratedSkinBRDF.uasset" 104
"../../../Engine/Content/EngineMaterials/RemoveSurfaceMaterial.uasset" 105
"../../../Engine/Content/EngineMaterials/WeightMapPlaceholderTexture.uasset" 106
"../../../Engine/Content/MobileResources/T_MobileControls_texture.uasset" 107
"../../../Engine/Content/MobileResources/T_MobileMenu2.uasset" 108
"../../../Engine/Content/MobileResources/HUD/MobileHUDButtonFire.uasset" 109
"../../../Engine/Content/MobileResources/HUD/T_Castle_ThumbstickOutter.uasset" 110
"../../../Engine/Content/MobileResources/HUD/AnalogHat.uasset" 111
"../../../Engine/Content/MobileResources/HUD/MobileHUDButton3.uasset" 112
"../../../Engine/Content/MobileResources/HUD/MobileHUDDirectionPad.uasset" 113
"../../../Engine/Content/MobileResources/HUD/MobileHUDDirectionPad3.uasset" 114
"../../../Engine/Content/MobileResources/HUD/MobileHUDDirectionStick.uasset" 115
"../../../Engine/Content/MobileResources/HUD/VirtualJoystick_Background.uasset" 116
"../../../Engine/Content/MobileResources/HUD/VirtualJoystick_Thumb.uasset" 117
"../../../Engine/Content/MobileResources/HUD/DefaultVirtualJoysticks.uasset" 118
"../../../Engine/Content/MobileResources/HUD/LeftVirtualJoystickOnly.uasset" 119
"../../../Engine/Content/MobileResources/HUD/MobileHUDButton1_on.uasset" 120
"../../../Engine/Content/MobileResources/HUD/MobileHUDButton2_off.uasset" 121
"../../../Engine/Content/MobileResources/HUD/MobileHUDButton2_on.uasset" 122
"../../../Engine/Content/MobileResources/HUD/MobileHUDDirectionPad2.uasset" 123
"../../../Engine/Content/MobileResources/HUD/MobileHUDButton1_off.uasset" 124
"../../../Engine/Content/MobileResources/HUD/T_Castle_ThumbstickInner.uasset" 125
"../../../Engine/Content/Functions/Engine_MaterialFunctions01/Opacity/CameraDepthFade.uasset" 126
"../../../Engine/Content/EngineMaterials/T_Default_Material_Grid_M.uasset" 127
"../../../Engine/Content/EngineMaterials/T_Default_Material_Grid_N.uasset" 128
"../../../Engine/Content/EngineMaterials/WorldGridMaterial.uasset" 129
"../../../Engine/Content/ArtTools/RenderToTexture/Meshes/S_1_Unit_Plane.uasset" 130
"../../../Engine/Content/EditorMaterials/MAT_Groups_Toggle.uasset" 131
"../../../Engine/Content/EditorMaterials/MAT_Groups_Visibility.uasset" 132
"../../../Engine/Content/EditorMaterials/PreviewShadowIndicator.uasset" 133
"../../../Engine/Content/EditorMaterials/PreviewShadowIndicatorMaterial.uasset" 134
"../../../Engine/Content/EditorMaterials/MatineeGroups/MAT_ColorTrack.uasset" 135
"../../../Engine/Content/EditorMaterials/MatineeGroups/MAT_Groups_Anim.uasset" 136
"../../../Engine/Content/EditorMaterials/MatineeGroups/MAT_Groups_AudioMaster.uasset" 137
"../../../Engine/Content/EditorMaterials/MatineeGroups/MAT_Groups_Director.uasset" 138
"../../../Engine/Content/EditorMaterials/MatineeGroups/MAT_Groups_Event.uasset" 139
"../../../Engine/Content/EditorMaterials/MatineeGroups/MAT_Groups_Fade.uasset" 140
"../../../Engine/Content/EditorMaterials/MatineeGroups/MAT_Groups_Float.uasset" 141
"../../../Engine/Content/EditorMaterials/MatineeGroups/MAT_Groups_Move.uasset" 142
"../../../Engine/Content/EditorMaterials/MatineeGroups/MAT_Groups_Slomo.uasset" 143
"../../../Engine/Content/EditorMaterials/MatineeGroups/MAT_Groups_Sound.uasset" 144
"../../../Engine/Content/EditorMaterials/MatineeGroups/MAT_Groups_Vector.uasset" 145
"../../../Engine/Content/EditorMaterials/ParticleSystems/PSysThumbnail_NoImage.uasset" 146
"../../../Engine/Content/EditorMaterials/ParticleSystems/PSysThumbnail_OOD.uasset" 147
"../../../Engine/Content/EngineSounds/Master.uasset" 148
"../../../Engine/Content/Animation/DefaultAnimBoneCompressionSettings.uasset" 149
"../../../Engine/Content/Animation/DefaultAnimCurveCompressionSettings.uasset" 150
"../../../Engine/Content/EngineMaterials/DefaultMaterial.uasset" 151
"../../../Engine/Content/EngineMeshes/Cylinder.uasset" 152
"../../../Engine/Content/EngineMeshes/Sphere.uasset" 153
"../../../Engine/Content/EditorSounds/Notifications/CompileFailed.uasset" 154
"../../../Engine/Content/EditorSounds/Notifications/CompileFailed_Cue.uasset" 155
"../../../Engine/Content/EditorSounds/Notifications/CompileSuccess.uasset" 156
"../../../Engine/Content/EditorSounds/Notifications/CompileStart_Cue.uasset" 157
"../../../Engine/Content/EditorSounds/Notifications/CompileSuccess_Cue.uasset" 158
"../../../Engine/Content/EngineDebugMaterials/DebugMeshMaterial.uasset" 159
"../../../Engine/Content/EngineDebugMaterials/M_SimpleUnlitTranslucent.uasset" 160
"../../../Engine/Content/Functions/Engine_MaterialFunctions02/Utility/CameraDirectionVector.uasset" 161
"../../../Engine/Content/EngineDebugMaterials/VolumeToRender.uasset" 162
"../../../Engine/Content/EngineDebugMaterials/M_VolumeRenderSphereTracePP.uasset" 163
"../../../Engine/Content/EngineDebugMaterials/WireframeMaterial.uasset" 164
"../../../Engine/Content/EngineDebugMaterials/DebugEditorMaterial.uasset" 165
"../../../Engine/Content/EditorMaterials/Camera/CineMat.uasset" 166
"../../../Engine/Content/EditorMaterials/Camera/MI_CineMat_Rig.uasset" 167
"../../../Engine/Content/EditorMeshes/Camera/SM_CraneRig_Body.uasset" 168
"../../../Engine/Content/EditorMeshes/Camera/SM_CraneRig_Mount.uasset" 169
"../../../Engine/Content/EditorMeshes/Camera/SM_RailRig_Mount.uasset" 170
"../../../Engine/Content/EditorMeshes/Camera/SM_RailRig_Track.uasset" 171
"../../../Engine/Content/EditorMeshes/Camera/SM_CraneRig_Arm.uasset" 172
"../../../Engine/Content/EditorMeshes/Camera/SM_CraneRig_Base.uasset" 173
"../../../Engine/Content/EditorResources/S_Actor.uasset" 174
"../../../Engine/Content/EditorResources/S_Trigger.uasset" 175
"../../../Engine/Content/EditorResources/EmptyActor.uasset" 176
"../../../Engine/Content/EditorResources/BSPVertex.uasset" 177
"../../../Engine/Content/EditorResources/S_Note.uasset" 178
"../../../Engine/Content/EditorResources/S_Solver.uasset" 179
"../../../Engine/Content/EditorResources/SequenceRecorder/Countdown.uasset" 180
"../../../Engine/Content/EditorResources/SequenceRecorder/RecordingIndicator.uasset" 181
"../../../Engine/Content/EditorResources/AudioIcons/S_AudioComponent.uasset" 182
"../../../Engine/Content/EngineResources/DefaultVolumeTexture2D.uasset" 183
"../../../Engine/Content/EngineResources/DefaultVolumeTexture.uasset" 184
"../../../Engine/Content/EngineResources/Black.uasset" 185
"../../../Engine/Content/EngineResources/DefaultTexture.uasset" 186
"../../../Engine/Content/EngineResources/DefaultTextureCube.uasset" 187
"../../../Engine/Content/EngineResources/GradientTexture0.uasset" 188
"../../../Engine/Content/Maps/Templates/Thumbnails/TimeOfDay.uasset" 189
"../../../Engine/Content/Maps/Templates/Thumbnails/Default.uasset" 190
"../../../Engine/Content/Maps/Templates/Thumbnails/VR-Basic.uasset" 191
"../../../Engine/Content/EngineFonts/Faces/DroidSansFallback.uasset" 192
"../../../Engine/Content/EngineFonts/Faces/RobotoBold.uasset" 193
"../../../Engine/Content/EngineFonts/Faces/RobotoBoldItalic.uasset" 194
"../../../Engine/Content/EngineFonts/Faces/RobotoItalic.uasset" 195
"../../../Engine/Content/EngineFonts/Faces/RobotoLight.uasset" 196
"../../../Engine/Content/EngineFonts/Faces/RobotoRegular.uasset" 197
"../../../Engine/Content/EngineFonts/Roboto.uasset" 198
"../../../Engine/Content/EngineDamageTypes/DmgTypeBP_Environmental.uasset" 199
"../../../Engine/Content/EditorLandscapeResources/DataLayer.uasset" 200
"../../../Engine/Content/BasicShapes/Cone.uasset" 201
"../../../Engine/Content/BasicShapes/Sphere.uasset" 202
"../../../Engine/Content/BasicShapes/Cylinder.uasset" 203
"../../../Engine/Content/BasicShapes/Plane.uasset" 204
"../../Plugins/2D/Paper2D/Content/PlaceholderTextures/DummySpriteTexture.uasset" 205
"../../Plugins/2D/Paper2D/Content/DummySprite.uasset" 206
"../../Plugins/2D/Paper2D/Content/DefaultPaperTerrainMaterial.uasset" 207
"../../Plugins/2D/Paper2D/Content/DefaultSpriteMaterial.uasset" 208
"../../Plugins/2D/Paper2D/Content/MaskedUnlitSpriteMaterial.uasset" 209
"../../Plugins/2D/Paper2D/Content/OpaqueUnlitSpriteMaterial.uasset" 210
"../../Plugins/FX/Niagara/Content/Enums/ENiagaraBooleanLogicOps.uasset" 211
"../../Plugins/FX/Niagara/Content/Enums/ENiagaraExpansionMode.uasset" 212
"../../Plugins/FX/Niagara/Content/Enums/ENiagaraOrientationAxis.uasset" 213
"../../../Engine/Content/Functions/Engine_MaterialFunctions02/Utility/BreakOutFloat4Components.uasset" 214
"../../../Engine/Content/Functions/Engine_MaterialFunctions02/Utility/MakeFloat2.uasset" 215
"../../../Engine/Content/Functions/Engine_MaterialFunctions02/Utility/MakeFloat3.uasset" 216
"../../Plugins/Runtime/Oculus/OculusVR/Content/Materials/OculusMR_ChromaKey.uasset" 217
"../../Plugins/Runtime/Oculus/OculusVR/Content/Materials/OculusMR_ChromaKey_Lit.uasset" 218
"../../Plugins/Runtime/Oculus/OculusVR/Content/Materials/OculusMR_WhiteMaterial.uasset" 219
"../../Plugins/Runtime/Oculus/OculusVR/Content/Materials/OculusMR_OpaqueColoredMaterial.uasset" 220
"../../../Engine/Content/EditorBlueprintResources/StandardMacros.uasset" 221
"../../../../../homework2/Netshoot/Netshoot/Content/Blueprints/State.uasset" 222
"../../../../../homework2/Netshoot/Netshoot/Content/Blueprints/Widgets/ErrorDialog.uasset" 223
"../../../../../homework2/Netshoot/Netshoot/Content/Blueprints/Widgets/LoadingScreen.uasset" 224
"../../../../../homework2/Netshoot/Netshoot/Content/Blueprints/Widgets/ServerRow.uasset" 225
"../../../../../homework2/Netshoot/Netshoot/Content/Blueprints/Widgets/ServerList.uasset" 226
"../../../../../homework2/Netshoot/Netshoot/Content/Blueprints/Widgets/MainMenu.uasset" 227
"../../../../../homework2/Netshoot/Netshoot/Content/Blueprints/MyGameInstance.uasset" 228
"../../../../../homework2/Netshoot/Netshoot/Content/Maps/MainMenu.umap" 229
"../../../../../homework2/Netshoot/Netshoot/Content/Maps/ServerWithSession.umap" 230
"../../../Engine/Content/EditorBlueprintResources/ActorMacros.uasset" 231
"../../../../../homework2/Netshoot/Netshoot/Content/Materials/M_Gun.uasset" 232
"../../../../../homework2/Netshoot/Netshoot/Content/Materials/M_Player.uasset" 233
"../../../../../homework2/Netshoot/Netshoot/Content/Materials/M_Player_Inst.uasset" 234
"../../../../../homework2/Netshoot/Netshoot/Content/Gunslinger/GunslingerTTP_PhysicsAsset.uasset" 235
"../../../../../homework2/Netshoot/Netshoot/Content/Gunslinger/GunslingerTTP.uasset" 236
"../../../../../homework2/Netshoot/Netshoot/Content/Blueprints/mubiao.uasset" 237
"../../../../../homework2/Netshoot/Netshoot/Content/Blueprints/MyGameState.uasset" 238
"../../../../../homework2/Netshoot/Netshoot/Content/Animations/Gunslinger_Aim_CC.uasset" 239
"../../../../../homework2/Netshoot/Netshoot/Content/Animations/Gunslinger_Aim_CL.uasset" 240
"../../../../../homework2/Netshoot/Netshoot/Content/Animations/Gunslinger_Aim_CR.uasset" 241
"../../../../../homework2/Netshoot/Netshoot/Content/Animations/Gunslinger_Aim_DC.uasset" 242
"../../../../../homework2/Netshoot/Netshoot/Content/Animations/Gunslinger_Aim_DL.uasset" 243
"../../../../../homework2/Netshoot/Netshoot/Content/Animations/Gunslinger_Aim_DR.uasset" 244
"../../../../../homework2/Netshoot/Netshoot/Content/Animations/Gunslinger_Aim_UC.uasset" 245
"../../../../../homework2/Netshoot/Netshoot/Content/Animations/Gunslinger_Aim_UL.uasset" 246
"../../../../../homework2/Netshoot/Netshoot/Content/Animations/Gunslinger_Aim_UR.uasset" 247
"../../../../../homework2/Netshoot/Netshoot/Content/Animations/AimOffset_Gunslinger.uasset" 248
"../../../../../homework2/Netshoot/Netshoot/Content/Animations/Gunslinger_Draw.uasset" 249
"../../../../../homework2/Netshoot/Netshoot/Content/Animations/Gunslinger_Fire.uasset" 250
"../../../../../homework2/Netshoot/Netshoot/Content/Animations/Gunslinger_PullBack.uasset" 251
"../../../../../homework2/Netshoot/Netshoot/Content/Animations/Gunslinger_Ready.uasset" 252
"../../../../../homework2/Netshoot/Netshoot/Content/Animations/Gunslinger_Unholster.uasset" 253
"../../../../../homework2/Netshoot/Netshoot/Content/Gunslinger/Gunslinger_AnimBP.uasset" 254
"../../../../../homework2/Netshoot/Netshoot/Content/Animations/Gunslinger_Hit_01.uasset" 255
"../../../../../homework2/Netshoot/Netshoot/Content/Textures/MuzzleFlash.uasset" 256
"../../../../../homework2/Netshoot/Netshoot/Content/Materials/M_MuzzleFlash.uasset" 257
"../../../../../homework2/Netshoot/Netshoot/Content/Materials/M_MuzzleFlash_Inst.uasset" 258
"../../../../../homework2/Netshoot/Netshoot/Content/Effects/P_MuzzleFlash.uasset" 259
"../../../../../homework2/Netshoot/Netshoot/Content/Blueprints/BP_MuzzleFlash.uasset" 260
"../../../../../homework2/Netshoot/Netshoot/Content/Effects/P_Hit.uasset" 261
"../../../../../homework2/Netshoot/Netshoot/Content/Meshes/Sphere.uasset" 262
"../../../../../homework2/Netshoot/Netshoot/Content/Sounds/Randomize_01.uasset" 263
"../../../../../homework2/Netshoot/Netshoot/Content/Sounds/Hit_01.uasset" 264
"../../../../../homework2/Netshoot/Netshoot/Content/Sounds/SoundCue_Attentuated.uasset" 265
"../../../../../homework2/Netshoot/Netshoot/Content/Blueprints/BP_Projectile.uasset" 266
"../../../../../homework2/Netshoot/Netshoot/Content/Blueprints/CamShake_01.uasset" 267
"../../../../../homework2/Netshoot/Netshoot/Content/Blueprints/MyPlayerState.uasset" 268
"../../../../../homework2/Netshoot/Netshoot/Content/Materials/M_Hat.uasset" 269
"../../../../../homework2/Netshoot/Netshoot/Content/Materials/M_Hat_Inst.uasset" 270
"../../../../../homework2/Netshoot/Netshoot/Content/Meshes/Gun.uasset" 271
"../../../../../homework2/Netshoot/Netshoot/Content/Meshes/Hat.uasset" 272
"../../../../../homework2/Netshoot/Netshoot/Content/Sounds/Click_01.uasset" 273
"../../../../../homework2/Netshoot/Netshoot/Content/Sounds/Coin_01.uasset" 274
"../../../../../homework2/Netshoot/Netshoot/Content/Sounds/Gunfire_01.uasset" 275
"../../../../../homework2/Netshoot/Netshoot/Content/Sounds/Randomize_03.uasset" 276
"../../../../../homework2/Netshoot/Netshoot/Content/Sounds/Randomize_08.uasset" 277
"../../../../../homework2/Netshoot/Netshoot/Content/Gunslinger/Gunslinger_BP.uasset" 278
"../../../../../homework2/Netshoot/Netshoot/Content/Textures/Ammo_Empty.uasset" 279
"../../../../../homework2/Netshoot/Netshoot/Content/Textures/Ammo_Full.uasset" 280
"../../../../../homework2/Netshoot/Netshoot/Content/Blueprints/Widgets/AmmoWidget.uasset" 281
"../../../../../homework2/Netshoot/Netshoot/Content/Blueprints/Widgets/InGameMenu.uasset" 282
"../../../../../homework2/Netshoot/Netshoot/Content/Blueprints/Widgets/ScoreboardRow.uasset" 283
"../../../../../homework2/Netshoot/Netshoot/Content/Blueprints/Widgets/MyHUD.uasset" 284
"../../../../../homework2/Netshoot/Netshoot/Content/Blueprints/MyPlayerController.uasset" 285
"../../../../../homework2/Netshoot/Netshoot/Content/Blueprints/MyGameMode.uasset" 286
"../../../../../homework2/Netshoot/Netshoot/Content/Maps/Level_01_BuiltData.uasset" 287
"../../../../../homework2/Netshoot/Netshoot/Content/Materials/M_Basic.uasset" 288
"../../../../../homework2/Netshoot/Netshoot/Content/Materials/M_Basic_Inst.uasset" 289
"../../../Engine/Content/BasicShapes/Cube.uasset" 290
"../../../../../homework2/Netshoot/Netshoot/Content/Audio/Starter_Birds01.uasset" 291
"../../../../../homework2/Netshoot/Netshoot/Content/Audio/Starter_Wind05.uasset" 292
"../../../../../homework2/Netshoot/Netshoot/Content/Audio/Starter_Wind06.uasset" 293
"../../../../../homework2/Netshoot/Netshoot/Content/Audio/Starter_Background_Cue.uasset" 294
"../../../../../homework2/Netshoot/Netshoot/Content/Blueprints/Widgets/over.uasset" 295
"../../../../../homework2/Netshoot/Netshoot/Content/Blueprints/Widgets/ttr.uasset" 296
"../../../../../homework2/Netshoot/Netshoot/Content/Environment/Barrel.uasset" 297
"../../../../../homework2/Netshoot/Netshoot/Content/Environment/Building_00.uasset" 298
"../../../../../homework2/Netshoot/Netshoot/Content/Environment/Building_01.uasset" 299
"../../../../../homework2/Netshoot/Netshoot/Content/Environment/Crate.uasset" 300
"../../../../../homework2/Netshoot/Netshoot/Content/Environment/Ground.uasset" 301
"../../../../../homework2/Netshoot/Netshoot/Content/Environment/Horse_TieUp.uasset" 302
"../../../../../homework2/Netshoot/Netshoot/Content/Environment/Trough.uasset" 303
"../../../../../homework2/Netshoot/Netshoot/Content/Maps/Level_01.umap" 304
"../../../Engine/Content/Maps/Entry_BuiltData.uasset" 305
"../../../Engine/Content/Maps/Entry.umap" 306
